\BOOKMARK [1][-]{section.1}{Introduction}{}% 1
\BOOKMARK [2][-]{subsection.1.1}{Desgin\040goals}{section.1}% 2
\BOOKMARK [2][-]{subsection.1.2}{Definitions,\040acronyms\040and\040abbreviations}{section.1}% 3
\BOOKMARK [1][-]{section.2}{System\040Design}{}% 4
\BOOKMARK [2][-]{subsection.2.1}{Overview}{section.2}% 5
\BOOKMARK [3][-]{subsubsection.2.1.1}{Model\040Functionality}{subsection.2.1}% 6
\BOOKMARK [3][-]{subsubsection.2.1.2}{Global\040lookups}{subsection.2.1}% 7
\BOOKMARK [3][-]{subsubsection.2.1.3}{Event\040handling}{subsection.2.1}% 8
\BOOKMARK [2][-]{subsection.2.2}{Software\040decomposition}{section.2}% 9
\BOOKMARK [3][-]{subsubsection.2.2.1}{General}{subsection.2.2}% 10
\BOOKMARK [3][-]{subsubsection.2.2.2}{Decomposition\040into\040subsystem}{subsection.2.2}% 11
\BOOKMARK [3][-]{subsubsection.2.2.3}{Layering}{subsection.2.2}% 12
\BOOKMARK [3][-]{subsubsection.2.2.4}{Dependency\040analysis}{subsection.2.2}% 13
\BOOKMARK [2][-]{subsection.2.3}{Concurrency\040issues}{section.2}% 14
\BOOKMARK [2][-]{subsection.2.4}{Persistent\040data\040management}{section.2}% 15
\BOOKMARK [2][-]{subsection.2.5}{Access\040control\040and\040security}{section.2}% 16
\BOOKMARK [2][-]{subsection.2.6}{Boundary\040conditions}{section.2}% 17
\BOOKMARK [1][-]{section.3}{References}{}% 18
\BOOKMARK [1][-]{section*.2}{Appendices}{}% 19
\BOOKMARK [1][-]{Appendix.a.A}{Appendix\040Class\040diagrams}{}% 20
